2018-06-14 09:27:58 INFO  JDI Logger:200 - Init test run
2018-06-14 09:28:00 INFO  JDI Logger:95 - Open page 'Choice Page' for Choice Page(http://blazedemo.com/)
2018-06-14 09:28:09 INFO  JDI Logger:95 - Select 'Boston' for IDropDown 'Departure Dropdown' (ChoicePage.departureDropdown; ; cssSelector='select[name=fromPort]')
2018-06-14 09:28:09 INFO  JDI Logger:95 - Select 'Buenos Aires' for IDropDown 'Destination Dropdown' (ChoicePage.destinationDropdown; ; cssSelector='select[name=toPort]')
2018-06-14 09:28:09 INFO  JDI Logger:95 - Click on Element for Button 'Submit' (ChoicePage.submit; ; cssSelector='input[type=submit]')
2018-06-14 09:28:10 INFO  JDI Logger:95 - I check 'Reserve Page' is opened
2018-06-14 09:28:10 INFO  TestListener:49 - :::::::::::     negativeTest     :::::::::::
2018-06-14 09:28:10 ERROR TestListener:57 - expected:<Boston> but was:<Mexico City>
2018-06-14 09:28:10 ERROR TestListener:58 - java.lang.AssertionError: expected:<Boston> but was:<Mexico City>
	at org.testng.AssertJUnit.assertEquals(AssertJUnit.java:101)
	at org.testng.AssertJUnit.assertEquals(AssertJUnit.java:108)
	at com.blazedemo.pages.ReservePage.checkFromPortValue(ReservePage.java:59)
	at com.blazedemo.test.JDITest.negativeTest(JDITest.java:71)
	at sun.reflect.NativeMethodAccessorImpl.invoke0(Native Method)
	at sun.reflect.NativeMethodAccessorImpl.invoke(NativeMethodAccessorImpl.java:62)
	at sun.reflect.DelegatingMethodAccessorImpl.invoke(DelegatingMethodAccessorImpl.java:43)
	at java.lang.reflect.Method.invoke(Method.java:497)
	at org.testng.internal.MethodInvocationHelper.invokeMethod(MethodInvocationHelper.java:124)
	at org.testng.internal.Invoker.invokeMethod(Invoker.java:580)
	at org.testng.internal.Invoker.invokeTestMethod(Invoker.java:716)
	at org.testng.internal.Invoker.invokeTestMethods(Invoker.java:988)
	at org.testng.internal.TestMethodWorker.invokeTestMethods(TestMethodWorker.java:125)
	at org.testng.internal.TestMethodWorker.run(TestMethodWorker.java:109)
	at org.testng.TestRunner.privateRun(TestRunner.java:648)
	at org.testng.TestRunner.run(TestRunner.java:505)
	at org.testng.SuiteRunner.runTest(SuiteRunner.java:455)
	at org.testng.SuiteRunner.runSequentially(SuiteRunner.java:450)
	at org.testng.SuiteRunner.privateRun(SuiteRunner.java:415)
	at org.testng.SuiteRunner.run(SuiteRunner.java:364)
	at org.testng.SuiteRunnerWorker.runSuite(SuiteRunnerWorker.java:52)
	at org.testng.SuiteRunnerWorker.run(SuiteRunnerWorker.java:84)
	at org.testng.TestNG.runSuitesSequentially(TestNG.java:1208)
	at org.testng.TestNG.runSuitesLocally(TestNG.java:1137)
	at org.testng.TestNG.runSuites(TestNG.java:1049)
	at org.testng.TestNG.run(TestNG.java:1017)
	at org.testng.IDEARemoteTestNG.run(IDEARemoteTestNG.java:72)
	at org.testng.RemoteTestNGStarter.main(RemoteTestNGStarter.java:123)